# import warnings (138 entries)
[empty-extract] case 'Loughran (Paul) v Piney Rentals Limited & F5 Property Limited' produced 0 fields
[empty-extract] case 'Stark v Lyddon' produced 0 fields
[field-created] case 'Ayannuga Ors v One Shot Products Ltd' label 'C. Causation' (CORRECT) -> created 'II. LIABILITY/Tort-Specific Elements/C. Causation' (no Markdown match)
[field-created] case 'Ayannuga Ors v One Shot Products Ltd' label '2. Summary of Court’s Findings' (CORRECT) -> created 'III. CONCLUSION/2. Summary of Court’s Findings' (no Markdown match)
[field-created] case 'B v Cager_analysis' label 'A. Act' (CORRECT) -> created 'II. LIABILITY/Tort-Specific Elements/A. Act' (no Markdown match)
[field-created] case 'B v Cager_analysis' label 'B. Reasonable Apprehension' (CORRECT) -> created 'II. LIABILITY/Tort-Specific Elements/B. Reasonable Apprehension' (no Markdown match)
[field-created] case 'B v Cager_analysis' label 'C.Immediate Unlawful Force' (CORRECT) -> created 'II. LIABILITY/Tort-Specific Elements/C.Immediate Unlawful Force' (no Markdown match)
[field-created] case 'B v Cager_analysis' label 'D. Intention or Recklessness' (CORRECT) -> created 'II. LIABILITY/Tort-Specific Elements/D. Intention or Recklessness' (no Markdown match)
[field-created] case 'B v Cager_analysis' label '2. Summary of Court’s Findings' (CORRECT) -> created 'III. CONCLUSION/2. Summary of Court’s Findings' (no Markdown match)
[field-created] case 'Bae Systems Marine Ltd v Alfa Laval Ltd' label '2. Summary of Court’s Findings' (CORRECT) -> created 'III. CONCLUSION/2. Summary of Court’s Findings' (no Markdown match)
[field-created] case 'Barrow Ors v Merret Anor' label '2. Summary of Court’s Findings' (CORRECT) -> created 'III. CONCLUSION/2. Summary of Court’s Findings' (no Markdown match)
[field-created] case 'Beasley v Alexande' label '2. Summary of Court’s Findings' (CORRECT) -> created 'III. CONCLUSION/2. Summary of Court’s Findings' (no Markdown match)
[field-created] case 'Bodycote Heat Treatments Ltd v Vacuum and Atmosphere Services Ltd' label '2. Summary of Court’s Findings' (CORRECT) -> created 'III. CONCLUSION/2. Summary of Court’s Findings' (no Markdown match)
[field-created] case 'Bowen A Child Ors v The National Trust' label '2. Summary of Court’s Findings' (CORRECT) -> created 'III. CONCLUSION/2. Summary of Court’s Findings' (no Markdown match)
[field-created] case 'Boyle v The Commissioner of Police of the Metropolis' label '2. Summary of Court’s Findings' (CORRECT) -> created 'III. CONCLUSION/2. Summary of Court’s Findings' (no Markdown match)
[field-created] case 'Brady v Southend University Hospital NHS Foundation Trust' label '2. Summary of Court’s Findings' (CORRECT) -> created 'III. CONCLUSION/2. Summary of Court’s Findings' (no Markdown match)
[field-created] case 'Brady v Southend University Hospital NHS Foundation Trust' label 'A.Defamatory Meaning' (CORRECT) -> created 'II. LIABILITY/Tort-Specific Elements/A.Defamatory Meaning' (no Markdown match)
[field-created] case 'Brady v Southend University Hospital NHS Foundation Trust' label 'B. Reference to Claimant' (CORRECT) -> created 'II. LIABILITY/Tort-Specific Elements/B. Reference to Claimant' (no Markdown match)
[field-created] case 'Brady v Southend University Hospital NHS Foundation Trust' label 'C. Publication' (CORRECT) -> created 'II. LIABILITY/Tort-Specific Elements/C. Publication' (no Markdown match)
[field-created] case 'Brady v Southend University Hospital NHS Foundation Trust' label 'D.Serious Harm Threshold' (CORRECT) -> created 'II. LIABILITY/Tort-Specific Elements/D.Serious Harm Threshold' (no Markdown match)
[field-created] case 'Brown Anor v Sestras Ors' label '2. Summary of Court’s Findings' (INCORRECT) -> created 'III. CONCLUSION/2. Summary of Court’s Findings' (no Markdown match)
[field-created] case 'BVG v LAR 2020 EWHC 931 QB' label '2. Summary of Court’s Findings' (CORRECT) -> created 'III. CONCLUSION/2. Summary of Court’s Findings' (no Markdown match)
[field-created] case 'C, M and R [2013] NICty 9' label 'A.Significant Harm' (CORRECT) -> created 'II. LIABILITY/Tort-Specific Elements/A.Significant Harm' (no Markdown match)
[field-created] case 'C, M and R [2013] NICty 9' label 'B.Attributability to Care' (CORRECT) -> created 'II. LIABILITY/Tort-Specific Elements/B.Attributability to Care' (no Markdown match)
[field-created] case 'C, M and R [2013] NICty 9' label '2. Summary of Court’s Findings' (CORRECT) -> created 'III. CONCLUSION/2. Summary of Court’s Findings' (no Markdown match)
[field-created] case 'Campbell v Advantage Insurance Company Ltd' label '2. Summary of Court’s Findings' (INCORRECT) -> created 'III. CONCLUSION/2. Summary of Court’s Findings' (no Markdown match)
[field-created] case 'Campbell v MGN Ltd' label '2. Summary of Court’s Findings' (CORRECT) -> created 'III. CONCLUSION/2. Summary of Court’s Findings' (no Markdown match)
[field-created] case 'Carter v Ministry of Justice' label '2. Summary of Court’s Findings' (CORRECT) -> created 'III. CONCLUSION/2. Summary of Court’s Findings' (no Markdown match)
[field-created] case 'Chadwick v R H Ovenden Ltd & Anor [2022] EWHC 1701 (QB)' label '2. Summary of Court’s Findings' (CORRECT) -> created 'III. CONCLUSION/2. Summary of Court’s Findings' (no Markdown match)
[field-created] case 'Clements v Imperial College Healthcare NHS Trus' label '2. Summary of Court’s Findings' (CORRECT) -> created 'III. CONCLUSION/2. Summary of Court’s Findings' (no Markdown match)
[field-created] case 'Daryanani v Ramnani [2017] EWHC 183 (QB)' label '2. Summary of Court’s Findings' (CORRECT) -> created 'III. CONCLUSION/2. Summary of Court’s Findings' (no Markdown match)
[field-created] case 'Deller v King & Anor' label '2. Summary of Court’s Findings' (INCORRECT) -> created 'III. CONCLUSION/2. Summary of Court’s Findings' (no Markdown match)
[field-created] case 'Doherty & Anor, An Inquest into the Deaths of' label 'B. Breach of Duty' (CORRECT) -> created 'II. LIABILITY/Tort-Specific Elements/B. Breach of Duty' (no Markdown match)
[field-created] case 'Doherty & Anor, An Inquest into the Deaths of' label 'C. Causation' (CORRECT) -> created 'II. LIABILITY/Tort-Specific Elements/C. Causation' (no Markdown match)
[field-created] case 'Doherty & Anor, An Inquest into the Deaths of' label 'D. Actionable Damage' (CORRECT) -> created 'II. LIABILITY/Tort-Specific Elements/D. Actionable Damage' (no Markdown match)
[field-created] case 'Doherty & Anor, An Inquest into the Deaths of' label '2. Summary of Court’s Findings' (CORRECT) -> created 'III. CONCLUSION/2. Summary of Court’s Findings' (no Markdown match)
[field-created] case 'Doughty v Kazmierski' label 'A. Duty of Care' (CORRECT) -> created 'II. LIABILITY/Tort-Specific Elements/A. Duty of Care' (no Markdown match)
[field-created] case 'Doughty v Kazmierski' label 'B. Breach of Duty' (CORRECT) -> created 'II. LIABILITY/Tort-Specific Elements/B. Breach of Duty' (no Markdown match)
[field-created] case 'Doughty v Kazmierski' label 'C. Causation' (CORRECT) -> created 'II. LIABILITY/Tort-Specific Elements/C. Causation' (no Markdown match)
[field-created] case 'Doughty v Kazmierski' label 'D. Actionable Damage' (CORRECT) -> created 'II. LIABILITY/Tort-Specific Elements/D. Actionable Damage' (no Markdown match)
[field-created] case 'Doughty v Kazmierski' label '2. Summary of Court’s Findings' (CORRECT) -> created 'III. CONCLUSION/2. Summary of Court’s Findings' (no Markdown match)
[field-created] case 'Eaton v Auto-Cycle Union Ltd & Ors' label '2. Summary of Court’s Findings' (CORRECT) -> created 'III. CONCLUSION/2. Summary of Court’s Findings' (no Markdown match)
[field-created] case 'Estacio V Honigsbaum [2017] EW Misc 29 (CC)' label '2. Summary of Court’s Findings' (CORRECT) -> created 'III. CONCLUSION/2. Summary of Court’s Findings' (no Markdown match)
[field-created] case 'Evans v R&V Allgemeine Verischerung AG [2022] EWHC 2436 (QB) (29 July 2022)' label 'Applicable Law' (INCORRECT) -> created 'I. LEGAL ELEMENT/Applicable Law' (no Markdown match)
[field-created] case 'Evans v R&V Allgemeine Verischerung AG [2022] EWHC 2436 (QB) (29 July 2022)' label '2. Summary of Court’s Findings' (CORRECT) -> created 'III. CONCLUSION/2. Summary of Court’s Findings' (no Markdown match)
[field-created] case 'Fittschen v Chief Constable of Dorset Police' label 'Summary of Court's Findings' (INCORRECT) -> created 'III. CONCLUSION/Summary of Court's Findings' (no Markdown match)
[field-created] case 'FLR v Chandran' label '2. Summary of Court’s Findings' (CORRECT) -> created 'III. CONCLUSION/2. Summary of Court’s Findings' (no Markdown match)
[field-created] case 'GYH v Persons Unknown' label '2. Summary of Court’s Findings' (CORRECT) -> created 'III. CONCLUSION/2. Summary of Court’s Findings' (no Markdown match)
[field-created] case 'Hetherington v Blythe [2023] EWHC 41 (KB)' label '2. Summary of Court’s Findings' (CORRECT) -> created 'III. CONCLUSION/2. Summary of Court’s Findings' (no Markdown match)
[field-created] case 'Hoyle v Hampshire County Council & Ors' label '2. Summary of Court’s Findings' (CORRECT) -> created 'III. CONCLUSION/2. Summary of Court’s Findings' (no Markdown match)
[field-created] case 'Jagger v Holland & Ors' label '2. Summary of Court’s Findings' (CORRECT) -> created 'III. CONCLUSION/2. Summary of Court’s Findings' (no Markdown match)
[field-created] case 'JGE v The English Province of Our Lady of Charity & Anor [2011] EWHC 2871 (QB).' label '2. Summary of Court’s Findings' (CORRECT) -> created 'III. CONCLUSION/2. Summary of Court’s Findings' (no Markdown match)
[field-created] case 'Johnson v Williams' label '2. Summary of Court’s Findings' (CORRECT) -> created 'III. CONCLUSION/2. Summary of Court’s Findings' (no Markdown match)
[field-created] case 'Kingsley Napley LLP v Harris' label '2. Summary of Court’s Findings' (CORRECT) -> created 'III. CONCLUSION/2. Summary of Court’s Findings' (no Markdown match)
[field-created] case 'L v London Borough of Hammersmith & Fulham & Ors' label 'A.Defamatory Meaning' (CORRECT) -> created 'II. LIABILITY/Tort-Specific Elements/A.Defamatory Meaning' (no Markdown match)
[field-created] case 'L v London Borough of Hammersmith & Fulham & Ors' label 'B. Reference to Claimant' (CORRECT) -> created 'II. LIABILITY/Tort-Specific Elements/B. Reference to Claimant' (no Markdown match)
[field-created] case 'L v London Borough of Hammersmith & Fulham & Ors' label 'C. Publication' (CORRECT) -> created 'II. LIABILITY/Tort-Specific Elements/C. Publication' (no Markdown match)
[field-created] case 'L v London Borough of Hammersmith & Fulham & Ors' label 'D.Serious Harm Threshold' (CORRECT) -> created 'II. LIABILITY/Tort-Specific Elements/D.Serious Harm Threshold' (no Markdown match)
[field-created] case 'Lambert v Motor Insurers' Bureau' label '2. Summary of Court’s Findings' (CORRECT) -> created 'III. CONCLUSION/2. Summary of Court’s Findings' (no Markdown match)
[field-created] case 'Lewin v Gray' label 'A. Duty of Care' (CORRECT) -> created 'II. LIABILITY/Tort-Specific Elements/A. Duty of Care' (no Markdown match)
[field-created] case 'Lewin v Gray' label 'B. Breach of Duty' (CORRECT) -> created 'II. LIABILITY/Tort-Specific Elements/B. Breach of Duty' (no Markdown match)
[field-created] case 'Lewin v Gray' label 'D. Actionable Damage' (CORRECT) -> created 'II. LIABILITY/Tort-Specific Elements/D. Actionable Damage' (no Markdown match)
[field-created] case 'Lewin v Gray' label '2. Summary of Court’s Findings' (CORRECT) -> created 'III. CONCLUSION/2. Summary of Court’s Findings' (no Markdown match)
[field-created] case 'Maggs v Anstey [2007] EWHC 515 (QB)' label '2. Summary of Court’s Findings' (CORRECT) -> created 'III. CONCLUSION/2. Summary of Court’s Findings' (no Markdown match)
[field-created] case 'Malik v St George's University Hospitals NHS Foundation Trust' label '2. Summary of Court’s Findings' (CORRECT) -> created 'III. CONCLUSION/2. Summary of Court’s Findings' (no Markdown match)
[field-created] case 'Manzi v King's College Hospital NHS Foundation Trust [2016] EWHC 1190 (QB) (20 May 2016)' label 'III. Conclusion  1. Judgement Outcome' (CORRECT) -> created 'III. CONCLUSION/III. Conclusion  1. Judgement Outcome' (no Markdown match)
[field-created] case 'Manzi v King's College Hospital NHS Foundation Trust [2016] EWHC 1190 (QB) (20 May 2016)' label '2. Summary of Court’s Findings' (CORRECT) -> created 'III. CONCLUSION/2. Summary of Court’s Findings' (no Markdown match)
[field-created] case 'Maylin v Dacorum Sports Trust (t/a XC Sportspace)' label '2. Summary of Court’s Findings' (CORRECT) -> created 'III. CONCLUSION/2. Summary of Court’s Findings' (no Markdown match)
[field-created] case 'McCaul v Lancashire Teaching Hospitals NHS Foundation Trust' label '2. Summary of Court’s Findings' (CORRECT) -> created 'III. CONCLUSION/2. Summary of Court’s Findings' (no Markdown match)
[field-created] case 'McMinn v McMinn  Anor_analysis' label '2. Summary of Court’s Findings' (CORRECT) -> created 'III. CONCLUSION/2. Summary of Court’s Findings' (no Markdown match)
[field-created] case '"Miah v British Broadcasting Corporation [2018] EWHC 206 (QB)"' label 'A. Duty of Care' (CORRECT) -> created 'II. LIABILITY/Tort-Specific Elements/A. Duty of Care' (no Markdown match)
[field-created] case '"Miah v British Broadcasting Corporation [2018] EWHC 206 (QB)"' label 'B. Breach of Duty' (CORRECT) -> created 'II. LIABILITY/Tort-Specific Elements/B. Breach of Duty' (no Markdown match)
[field-created] case '"Miah v British Broadcasting Corporation [2018] EWHC 206 (QB)"' label 'C. Causation' (CORRECT) -> created 'II. LIABILITY/Tort-Specific Elements/C. Causation' (no Markdown match)
[field-created] case '"Miah v British Broadcasting Corporation [2018] EWHC 206 (QB)"' label 'D. Actionable Damage' (CORRECT) -> created 'II. LIABILITY/Tort-Specific Elements/D. Actionable Damage' (no Markdown match)
[field-created] case '"Miah v British Broadcasting Corporation [2018] EWHC 206 (QB)"' label '2. Summary of Court’s Findings' (CORRECT) -> created 'III. CONCLUSION/2. Summary of Court’s Findings' (no Markdown match)
[field-created] case 'Miller v Hales & Ors [2006] EWHC 1529 (QB)' label 'A. Duty of Care' (CORRECT) -> created 'II. LIABILITY/Tort-Specific Elements/A. Duty of Care' (no Markdown match)
[field-created] case 'Miller v Hales & Ors [2006] EWHC 1529 (QB)' label 'B. Breach of Duty' (CORRECT) -> created 'II. LIABILITY/Tort-Specific Elements/B. Breach of Duty' (no Markdown match)
[field-created] case 'Miller v Hales & Ors [2006] EWHC 1529 (QB)' label 'C. Causation' (CORRECT) -> created 'II. LIABILITY/Tort-Specific Elements/C. Causation' (no Markdown match)
[field-created] case 'Miller v Hales & Ors [2006] EWHC 1529 (QB)' label 'D. Actionable Damage' (CORRECT) -> created 'II. LIABILITY/Tort-Specific Elements/D. Actionable Damage' (no Markdown match)
[field-created] case 'Miller v Hales & Ors [2006] EWHC 1529 (QB)' label 'III. Conclusion  1. Judgement Outcome' (CORRECT) -> created 'III. CONCLUSION/III. Conclusion  1. Judgement Outcome' (no Markdown match)
[field-created] case 'Milton Keynes Council v Wilsher & Anorn' label 'Summary of Court's Findings' (CORRECT) -> created 'III. CONCLUSION/Summary of Court's Findings' (no Markdown match)
[field-created] case 'Mohmed v Barnes  Anor 2019 EWHC 87 QB' label '2. Summary of Court’s Findings' (CORRECT) -> created 'III. CONCLUSION/2. Summary of Court’s Findings' (no Markdown match)
[field-created] case 'Moor v Aviva Insurance Ltd  Anor' label '2. Summary of Court’s Findings' (CORRECT) -> created 'III. CONCLUSION/2. Summary of Court’s Findings' (no Markdown match)
[field-created] case 'Moreira v Moran t/a ACH Joinery and Building Contractors & Ors' label '2. Summary of Court’s Findings' (CORRECT) -> created 'III. CONCLUSION/2. Summary of Court’s Findings' (no Markdown match)
[field-created] case 'Mrs Jan Luxton v MR ZULQUARNAIN RAJA' label '2. Summary of Court’s Findings' (CORRECT) -> created 'III. CONCLUSION/2. Summary of Court’s Findings' (no Markdown match)
[field-created] case 'N v Chief Constable of Merseyside Police' label 'A. Duty of Care' (CORRECT) -> created 'II. LIABILITY/Tort-Specific Elements/A. Duty of Care' (no Markdown match)
[field-created] case 'N v Chief Constable of Merseyside Police' label 'B. Breach of Duty' (CORRECT) -> created 'II. LIABILITY/Tort-Specific Elements/B. Breach of Duty' (no Markdown match)
[field-created] case 'N v Chief Constable of Merseyside Police' label 'C. Causation' (CORRECT) -> created 'II. LIABILITY/Tort-Specific Elements/C. Causation' (no Markdown match)
[field-created] case 'N v Chief Constable of Merseyside Police' label 'D. Actionable Damage' (CORRECT) -> created 'II. LIABILITY/Tort-Specific Elements/D. Actionable Damage' (no Markdown match)
[field-created] case 'N v Chief Constable of Merseyside Police' label '2. Summary of Court’s Findings' (CORRECT) -> created 'III. CONCLUSION/2. Summary of Court’s Findings' (no Markdown match)
[field-created] case 'NCL v MME 2020 EWHC 2679 QB' label 'Summary of Court's Findings' (CORRECT) -> created 'III. CONCLUSION/Summary of Court's Findings' (no Markdown match)
[field-created] case 'Onwude' label '2. Summary of Court’s Findings' (INCORRECT) -> created 'III. CONCLUSION/2. Summary of Court’s Findings' (no Markdown match)
[field-created] case 'Palmer v Palmer' label 'A.Defamatory Meaning' (INCORRECT) -> created 'II. LIABILITY/Tort-Specific Elements/A.Defamatory Meaning' (no Markdown match)
[field-created] case 'Palmer v Palmer' label 'B. Reference to Claimant' (INCORRECT) -> created 'II. LIABILITY/Tort-Specific Elements/B. Reference to Claimant' (no Markdown match)
[field-created] case 'Palmer v Palmer' label 'C. Publication' (CORRECT) -> created 'II. LIABILITY/Tort-Specific Elements/C. Publication' (no Markdown match)
[field-created] case 'Palmer v Palmer' label 'D.Serious Harm Threshold' (INCORRECT) -> created 'II. LIABILITY/Tort-Specific Elements/D.Serious Harm Threshold' (no Markdown match)
[field-created] case 'Palmer v Palmer' label '2. Summary of Court’s Findings' (INCORRECT) -> created 'III. CONCLUSION/2. Summary of Court’s Findings' (no Markdown match)
[field-created] case 'PPS v Boomer' label 'A.' (CORRECT) -> created 'II. LIABILITY/Tort-Specific Elements/A.' (no Markdown match)
[field-created] case 'Rehman v Brady, The Estate of & Anor' label 'Characterisation' (CORRECT) -> created 'I. LEGAL ELEMENT/Characterisation' (no Markdown match)
[field-created] case 'Rehman v Brady, The Estate of & Anor' label 'A.' (CORRECT) -> created 'II. LIABILITY/Tort-Specific Elements/A.' (no Markdown match)
[field-created] case 'Richardson v Butcher [2010] EWHC 214 (QB)' label '2. Summary of Court’s Findings' (CORRECT) -> created 'III. CONCLUSION/2. Summary of Court’s Findings' (no Markdown match)
[field-created] case 'Rolfe  Ors v Veale Wasbrough Vizards LLP' label 'A.' (CORRECT) -> created 'II. LIABILITY/Tort-Specific Elements/A.' (no Markdown match)
[case-unmatched] docx block 'Trespass to Land' -> no JSON case
[field-created] case 'Shakespeare v Martin' label '2. Summary of Court’s Findings' (CORRECT) -> created 'III. CONCLUSION/2. Summary of Court’s Findings' (no Markdown match)
[field-created] case 'Smith v Tesco Plc  Ors' label '2. Summary of Court’s Findings' (CORRECT) -> created 'III. CONCLUSION/2. Summary of Court’s Findings' (no Markdown match)
[field-created] case 'Taray Investments Ltd  Anor v Gateley Heritage LLP' label 'Characterisation' (CORRECT) -> created 'I. LEGAL ELEMENT/Characterisation' (no Markdown match)
[field-created] case 'Taray Investments Ltd  Anor v Gateley Heritage LLP' label '2. Summary of Court’s Findings' (CORRECT) -> created 'III. CONCLUSION/2. Summary of Court’s Findings' (no Markdown match)
[field-created] case 'Thomas Hodson Hodson Developments Ltd v Person Unknown  Ors' label 'Characterisation' (CORRECT) -> created 'I. LEGAL ELEMENT/Characterisation' (no Markdown match)
[field-created] case 'Thomas Hodson Hodson Developments Ltd v Person Unknown  Ors' label '2. Summary of Court’s Findings' (CORRECT) -> created 'III. CONCLUSION/2. Summary of Court’s Findings' (no Markdown match)
[field-created] case 'Thorley v Sandwell  West Birmingham Hospitals NHS Trust' label '2. Summary of Court’s Findings' (CORRECT) -> created 'III. CONCLUSION/2. Summary of Court’s Findings' (no Markdown match)
[field-created] case 'Transport for London v Persons Unknown Ors 2023 EWHC 1201 KB' label '2. Summary of Court’s Findings' (CORRECT) -> created 'III. CONCLUSION/2. Summary of Court’s Findings' (no Markdown match)
[field-created] case 'Tylicki v Gibbons' label 'Characterisation' (CORRECT) -> created 'I. LEGAL ELEMENT/Characterisation' (no Markdown match)
[field-created] case 'Tylicki v Gibbons' label '2. Summary of Court’s Findings' (CORRECT) -> created 'III. CONCLUSION/2. Summary of Court’s Findings' (no Markdown match)
[field-created] case 'Warren v DSG Retail Ltd' label '2. Summary of Court’s Findings' (CORRECT) -> created 'III. CONCLUSION/2. Summary of Court’s Findings' (no Markdown match)
[field-created] case 'Warsama v London Fire Brigade' label 'Characterisation' (CORRECT) -> created 'I. LEGAL ELEMENT/Characterisation' (no Markdown match)
[field-created] case 'Warsama v London Fire Brigade' label '2. Summary of Court’s Findings' (INCORRECT) -> created 'III. CONCLUSION/2. Summary of Court’s Findings' (no Markdown match)
[field-created] case 'White v Withers LLP  Anor' label '2. Defence' (CORRECT) -> created 'III. CONCLUSION/2. Defence' (no Markdown match)
[field-created] case 'White v Withers LLP  Anor' label '2. Summary of Court’s Findings' (CORRECT) -> created 'III. CONCLUSION/2. Summary of Court’s Findings' (no Markdown match)
[field-created] case 'Williams v Betsi Cadwaladr University Local Health Board' label '2. Summary of Court’s Findings' (CORRECT) -> created 'III. CONCLUSION/2. Summary of Court’s Findings' (no Markdown match)
[field-created] case 'Woodham v Turner ta Turners of Great Barton 2011 EWHC 1588 QB侵权案件' label 'Characterisation' (CORRECT) -> created 'I. LEGAL ELEMENT/Characterisation' (no Markdown match)
[field-created] case 'Woodham v Turner ta Turners of Great Barton 2011 EWHC 1588 QB侵权案件' label '2. Summary of Court’s Findings' (CORRECT) -> created 'III. CONCLUSION/2. Summary of Court’s Findings' (no Markdown match)
[field-created] case 'YYY  Anor v ZZZ 2021 EWHC 632 QB' label 'Characterisation' (CORRECT) -> created 'I. LEGAL ELEMENT/Characterisation' (no Markdown match)
[field-created] case 'YYY  Anor v ZZZ 2021 EWHC 632 QB' label '2. Summary of Court’s Findings' (CORRECT) -> created 'III. CONCLUSION/2. Summary of Court’s Findings' (no Markdown match)
[no-docx] JSON case 'Royal Borough of Kingston-Upon-Thames v Salzer & Anor' has no docx annotation block
[no-docx] JSON case 'Goodenough & Anor v Thames Valley Police' has no docx annotation block
[no-docx] JSON case 'JXM v An NHS Trust' has no docx annotation block
[no-docx] JSON case 'BVG v LAR [2020] EWHC 931 (QB)' has no docx annotation block
[no-docx] JSON case 'Doyle v Habib [2021] EWHC 1733 (QB)' has no docx annotation block
[no-docx] JSON case 'The London Borough of Hackney v Grant & Ors [2021] EWHC 2548 (QB)' has no docx annotation block
[no-docx] JSON case 'Davies v Carter' has no docx annotation block
[no-docx] JSON case 'Sivananthan v Vasikaran' has no docx annotation block
[no-docx] JSON case 'BrewDog Plc & Anor v Frank Public Relations Ltd' has no docx annotation block
[no-docx] JSON case 'Mirza v Farooqui & Anor' has no docx annotation block
[no-docx] JSON case 'Drummond v Keolis Amey Docklands Ltd [2023] EWHC 853 (KB)' has no docx annotation block
[no-docx] JSON case 'Wilson & Ors v Bayer Pharma AG & Ors' has no docx annotation block
[no-docx] JSON case 'Stark v Lyddon' has no docx annotation block
[no-docx] JSON case 'Parry v Johnson & Anor (Rev2) [2022] EWHC 889 (QB)' has no docx annotation block
[no-docx] JSON case 'Pass v Ministry of Defence [2021] EWHC 243 (QB)' has no docx annotation block
